[debug] [2023-05-07T01:24:36.717Z] ----------------------------------------------------------------------
[debug] [2023-05-07T01:24:36.720Z] Command:       /usr/local/bin/node /usr/local/bin/firebase init hosting
[debug] [2023-05-07T01:24:36.720Z] CLI Version:   11.28.0
[debug] [2023-05-07T01:24:36.720Z] Platform:      linux
[debug] [2023-05-07T01:24:36.720Z] Node Version:  v18.4.0
[debug] [2023-05-07T01:24:36.737Z] Time:          Sun May 07 2023 06:54:36 GMT+0530 (India Standard Time)
[debug] [2023-05-07T01:24:36.737Z] ----------------------------------------------------------------------
[debug] 
[debug] [2023-05-07T01:24:36.743Z] > command requires scopes: ["email","openid","https://www.googleapis.com/auth/cloudplatformprojects.readonly","https://www.googleapis.com/auth/firebase","https://www.googleapis.com/auth/cloud-platform"]
[debug] [2023-05-07T01:24:36.744Z] > authorizing via signed-in user (agarvit1142000@gmail.com)
[info] 
     ######## #### ########  ######## ########     ###     ######  ########
     ##        ##  ##     ## ##       ##     ##  ##   ##  ##       ##
     ######    ##  ########  ######   ########  #########  ######  ######
     ##        ##  ##    ##  ##       ##     ## ##     ##       ## ##
     ##       #### ##     ## ######## ########  ##     ##  ######  ########

You're about to initialize a Firebase project in this directory:

  /home/garvit/Desktop/minor/minor

[info] 
=== Project Setup
[info] 
[info] First, let's associate this project directory with a Firebase project.
[info] You can create multiple project aliases by running firebase use --add, 
[info] but for now we'll just set up a default project.
[info] 
